SELECT
  attnum, attname, attisdropped
FROM pg_catalog.pg_attribute
WHERE attrelid = 'bdr.bdr_nodes'::regclass
ORDER BY attnum;
 attnum |      attname       | attisdropped 
--------+--------------------+--------------
     -7 | tableoid           | f
     -6 | cmax               | f
     -5 | xmax               | f
     -4 | cmin               | f
     -3 | xmin               | f
     -1 | ctid               | f
      1 | node_sysid         | f
      2 | node_timeline      | f
      3 | node_dboid         | f
      4 | node_status        | f
      5 | node_name          | f
      6 | node_local_dsn     | f
      7 | node_init_from_dsn | f
      8 | node_read_only     | f
      9 | node_seq_id        | f
(15 rows)

SELECT
  attnum, attname, attisdropped
FROM pg_catalog.pg_attribute
WHERE attrelid = 'bdr.bdr_connections'::regclass
ORDER BY attnum;
 attnum |        attname         | attisdropped 
--------+------------------------+--------------
     -7 | tableoid               | f
     -6 | cmax                   | f
     -5 | xmax                   | f
     -4 | cmin                   | f
     -3 | xmin                   | f
     -1 | ctid                   | f
      1 | conn_sysid             | f
      2 | conn_timeline          | f
      3 | conn_dboid             | f
      4 | conn_origin_sysid      | f
      5 | conn_origin_timeline   | f
      6 | conn_origin_dboid      | f
      7 | conn_is_unidirectional | f
      8 | conn_dsn               | f
      9 | conn_apply_delay       | f
     10 | conn_replication_sets  | f
(16 rows)

