-- Verify data from preseed.sql has correctly been cloned
\c regression
\d some_local_tbl
                         Table "public.some_local_tbl"
 Column |  Type   |                          Modifiers                          
--------+---------+-------------------------------------------------------------
 id     | integer | not null default nextval('some_local_tbl_id_seq'::regclass)
 key    | text    | not null
 data   | text    | 
Indexes:
    "some_local_tbl_pkey" PRIMARY KEY, btree (id)
    "some_local_tbl_key_key" UNIQUE CONSTRAINT, btree (key)

INSERT INTO some_local_tbl(key, data) VALUES('key4', 'data4');
SELECT * FROM some_local_tbl ORDER BY id;
 id | key  | data  
----+------+-------
  1 | key1 | data1
  2 | key2 | 
  3 | key3 | data3
  4 | key4 | data4
(4 rows)

SELECT pg_xlog_wait_remote_apply(pg_current_xlog_location(), 0);
 pg_xlog_wait_remote_apply 
---------------------------
 
(1 row)

\c postgres
\d some_local_tbl
                         Table "public.some_local_tbl"
 Column |  Type   |                          Modifiers                          
--------+---------+-------------------------------------------------------------
 id     | integer | not null default nextval('some_local_tbl_id_seq'::regclass)
 key    | text    | not null
 data   | text    | 
Indexes:
    "some_local_tbl_pkey" PRIMARY KEY, btree (id)
    "some_local_tbl_key_key" UNIQUE CONSTRAINT, btree (key)

SELECT * FROM some_local_tbl ORDER BY id;
 id | key  | data  
----+------+-------
  1 | key1 | data1
  2 | key2 | 
  3 | key3 | data3
  4 | key4 | data4
(4 rows)

