Parsed test spec with 3 sessions

starting permutation: s1i s2i s3i s1w s2w s3w s1s s2s s3s s1h s2h s3h
pg_xlog_wait_remote_apply

               
               
               
               
               
               
step s1i: DELETE FROM test_dmlconflict;
step s2i: DELETE FROM test_dmlconflict;
step s3i: DELETE FROM test_dmlconflict;
step s1w: SELECT pg_xlog_wait_remote_apply(pg_current_xlog_location(), pid) FROM pg_stat_replication;
pg_xlog_wait_remote_apply

               
               
               
               
               
               
step s2w: SELECT pg_xlog_wait_remote_apply(pg_current_xlog_location(), pid) FROM pg_stat_replication;
pg_xlog_wait_remote_apply

               
               
               
               
               
               
step s3w: SELECT pg_xlog_wait_remote_apply(pg_current_xlog_location(), pid) FROM pg_stat_replication;
pg_xlog_wait_remote_apply

               
               
               
               
               
               
step s1s: SELECT * FROM test_dmlconflict;
a              b              c              

step s2s: SELECT * FROM test_dmlconflict;
a              b              c              

step s3s: SELECT * FROM test_dmlconflict;
a              b              c              

step s1h: SELECT object_schema, object_name, conflict_type, conflict_resolution, local_tuple, remote_tuple, error_sqlstate FROM bdr.bdr_conflict_history ORDER BY conflict_id;
object_schema  object_name    conflict_type  conflict_resolutionlocal_tuple    remote_tuple   error_sqlstate 

public         test_dmlconflictdelete_delete  skip_change                   {"a":null,"b":1,"c":null}               
public         test_dmlconflictdelete_delete  skip_change                   {"a":null,"b":1,"c":null}               
step s2h: SELECT object_schema, object_name, conflict_type, conflict_resolution, local_tuple, remote_tuple, error_sqlstate FROM bdr.bdr_conflict_history ORDER BY conflict_id;
object_schema  object_name    conflict_type  conflict_resolutionlocal_tuple    remote_tuple   error_sqlstate 

public         test_dmlconflictdelete_delete  skip_change                   {"a":null,"b":1,"c":null}               
public         test_dmlconflictdelete_delete  skip_change                   {"a":null,"b":1,"c":null}               
step s3h: SELECT object_schema, object_name, conflict_type, conflict_resolution, local_tuple, remote_tuple, error_sqlstate FROM bdr.bdr_conflict_history ORDER BY conflict_id;
object_schema  object_name    conflict_type  conflict_resolutionlocal_tuple    remote_tuple   error_sqlstate 

public         test_dmlconflictdelete_delete  skip_change                   {"a":null,"b":1,"c":null}               
public         test_dmlconflictdelete_delete  skip_change                   {"a":null,"b":1,"c":null}               
