\c postgres
CREATE TABLE test_src_tbl(a serial, b varchar(100), c date, primary key (a,c));
CREATE VIEW test_view AS SELECT * FROM test_src_tbl WHERE a > 1;
SELECT pg_xlog_wait_remote_apply(pg_current_xlog_location(), pid) FROM pg_stat_replication;
 pg_xlog_wait_remote_apply 
---------------------------
 
 
(2 rows)

\d+ test_view
                       View "public.test_view"
 Column |          Type          | Modifiers | Storage  | Description 
--------+------------------------+-----------+----------+-------------
 a      | integer                |           | plain    | 
 b      | character varying(100) |           | extended | 
 c      | date                   |           | plain    | 
View definition:
 SELECT test_src_tbl.a,
    test_src_tbl.b,
    test_src_tbl.c
   FROM test_src_tbl
  WHERE test_src_tbl.a > 1;

\c regression
\d+ test_view
                       View "public.test_view"
 Column |          Type          | Modifiers | Storage  | Description 
--------+------------------------+-----------+----------+-------------
 a      | integer                |           | plain    | 
 b      | character varying(100) |           | extended | 
 c      | date                   |           | plain    | 
View definition:
 SELECT test_src_tbl.a,
    test_src_tbl.b,
    test_src_tbl.c
   FROM test_src_tbl
  WHERE test_src_tbl.a > 1;

SELECT * FROM test_view;
 a | b | c 
---+---+---
(0 rows)

INSERT INTO test_src_tbl (b,c) VALUES('a', '2014-01-01'), ('b', '2014-02-02'), ('c', '2014-03-03');
SELECT pg_xlog_wait_remote_apply(pg_current_xlog_location(), pid) FROM pg_stat_replication;
 pg_xlog_wait_remote_apply 
---------------------------
 
 
(2 rows)

\c postgres
SELECT * FROM test_view;
 a | b |     c      
---+---+------------
 2 | b | 02-02-2014
 3 | c | 03-03-2014
(2 rows)

UPDATE test_view SET b = a || b;
SELECT pg_xlog_wait_remote_apply(pg_current_xlog_location(), pid) FROM pg_stat_replication;
 pg_xlog_wait_remote_apply 
---------------------------
 
 
(2 rows)

\c regression
SELECT * FROM test_src_tbl;
 a | b  |     c      
---+----+------------
 1 | a  | 01-01-2014
 2 | 2b | 02-02-2014
 3 | 3c | 03-03-2014
(3 rows)

SELECT * FROM test_view;
 a | b  |     c      
---+----+------------
 2 | 2b | 02-02-2014
 3 | 3c | 03-03-2014
(2 rows)

ALTER VIEW test_view ALTER COLUMN c SET DEFAULT '2000-01-01';
INSERT INTO test_view(b) VALUES('y2k');
SELECT pg_xlog_wait_remote_apply(pg_current_xlog_location(), pid) FROM pg_stat_replication;
 pg_xlog_wait_remote_apply 
---------------------------
 
 
(2 rows)

\c postgres
SELECT * FROM test_src_tbl;
 a |  b  |     c      
---+-----+------------
 1 | a   | 01-01-2014
 2 | 2b  | 02-02-2014
 3 | 3c  | 03-03-2014
 4 | y2k | 01-01-2000
(4 rows)

SELECT * FROM test_view;
 a |  b  |     c      
---+-----+------------
 2 | 2b  | 02-02-2014
 3 | 3c  | 03-03-2014
 4 | y2k | 01-01-2000
(3 rows)

ALTER VIEW test_view RENAME TO renamed_test_view;
SELECT pg_xlog_wait_remote_apply(pg_current_xlog_location(), pid) FROM pg_stat_replication;
 pg_xlog_wait_remote_apply 
---------------------------
 
 
(2 rows)

\c regression
INSERT INTO renamed_test_view(b) VALUES('d');
SELECT pg_xlog_wait_remote_apply(pg_current_xlog_location(), pid) FROM pg_stat_replication;
 pg_xlog_wait_remote_apply 
---------------------------
 
 
(2 rows)

\c postgres
SELECT * FROM test_src_tbl;
 a |  b  |     c      
---+-----+------------
 1 | a   | 01-01-2014
 2 | 2b  | 02-02-2014
 3 | 3c  | 03-03-2014
 4 | y2k | 01-01-2000
 5 | d   | 01-01-2000
(5 rows)

SELECT * FROM renamed_test_view;
 a |  b  |     c      
---+-----+------------
 2 | 2b  | 02-02-2014
 3 | 3c  | 03-03-2014
 4 | y2k | 01-01-2000
 5 | d   | 01-01-2000
(4 rows)

DROP VIEW renamed_test_view;
SELECT pg_xlog_wait_remote_apply(pg_current_xlog_location(), pid) FROM pg_stat_replication;
 pg_xlog_wait_remote_apply 
---------------------------
 
 
(2 rows)

\d renamed_test_view
\c regression
\d renamed_test_view
CREATE VIEW test_view AS SELECT * FROM test_src_tbl;
DROP TABLE test_src_tbl CASCADE;
NOTICE:  drop cascades to view test_view
SELECT pg_xlog_wait_remote_apply(pg_current_xlog_location(), pid) FROM pg_stat_replication;
 pg_xlog_wait_remote_apply 
---------------------------
 
 
(2 rows)

\d test_view
\c postgres
\d test_view
