\c postgres
CREATE TABLE bdr_missing_pk(a serial);
CREATE VIEW bdr_missing_pk_view AS SELECT * FROM bdr_missing_pk;
INSERT INTO bdr_missing_pk SELECT generate_series(1, 10);
SELECT pg_xlog_wait_remote_apply(pg_current_xlog_location(), pid) FROM pg_stat_replication;
 pg_xlog_wait_remote_apply 
---------------------------
 
 
(2 rows)

\c regression
SELECT * FROM bdr_missing_pk;
 a  
----
  1
  2
  3
  4
  5
  6
  7
  8
  9
 10
(10 rows)

-- these should fails
UPDATE bdr_missing_pk SET a = 1;
ERROR:  Cannot UPDATE table bdr_missing_pk because it does not have primary key.
HINT:  Add primary key to the table
DELETE FROM bdr_missing_pk WHERE a = 1;
ERROR:  Cannot DELETE table bdr_missing_pk because it does not have primary key.
HINT:  Add primary key to the table
WITH foo AS (
	UPDATE bdr_missing_pk SET a = 1 WHERE a > 1 RETURNING a
) SELECT * FROM foo;
ERROR:  Cannot UPDATE table bdr_missing_pk because it does not have primary key.
HINT:  Add primary key to the table
WITH foo AS (
	DELETE FROM bdr_missing_pk RETURNING a
) SELECT * FROM foo;
ERROR:  Cannot DELETE table bdr_missing_pk because it does not have primary key.
HINT:  Add primary key to the table
UPDATE bdr_missing_pk_view SET a = 1;
ERROR:  Cannot UPDATE table bdr_missing_pk because it does not have primary key.
HINT:  Add primary key to the table
DELETE FROM bdr_missing_pk_view WHERE a = 1;
ERROR:  Cannot DELETE table bdr_missing_pk because it does not have primary key.
HINT:  Add primary key to the table
WITH foo AS (
	UPDATE bdr_missing_pk_view SET a = 1 WHERE a > 1 RETURNING a
) SELECT * FROM foo;
ERROR:  Cannot UPDATE table bdr_missing_pk because it does not have primary key.
HINT:  Add primary key to the table
WITH foo AS (
	DELETE FROM bdr_missing_pk_view RETURNING a
) SELECT * FROM foo;
ERROR:  Cannot DELETE table bdr_missing_pk because it does not have primary key.
HINT:  Add primary key to the table
-- success again
TRUNCATE bdr_missing_pk;
SELECT pg_xlog_wait_remote_apply(pg_current_xlog_location(), pid) FROM pg_stat_replication;
 pg_xlog_wait_remote_apply 
---------------------------
 
 
(2 rows)

\c postgres
SELECT * FROM bdr_missing_pk;
 a 
---
(0 rows)

DROP TABLE bdr_missing_pk CASCADE;
NOTICE:  drop cascades to view bdr_missing_pk_view
