\c regression
CREATE TABLE rewrite_test(
    id integer primary key
);
INSERT INTO rewrite_test(id) SELECT generate_series(1,10);
SELECT pg_xlog_wait_remote_apply(pg_current_xlog_location(), 0) FROM pg_stat_replication;
 pg_xlog_wait_remote_apply 
---------------------------
 
 
(2 rows)

\c postgres
SELECT * FROM rewrite_test ORDER BY id;
 id 
----
  1
  2
  3
  4
  5
  6
  7
  8
  9
 10
(10 rows)

\c regression
BEGIN;
SET LOCAL bdr.permit_unsafe_ddl_commands = on;
ALTER TABLE rewrite_test
  ADD COLUMN oops boolean not null default 'f';
COMMIT;
SELECT pg_xlog_wait_remote_apply(pg_current_xlog_location(), 0) FROM pg_stat_replication;
 pg_xlog_wait_remote_apply 
---------------------------
 
 
(2 rows)

\c postgres
SELECT * FROM rewrite_test ORDER BY id;
 id | oops 
----+------
  1 | f
  2 | f
  3 | f
  4 | f
  5 | f
  6 | f
  7 | f
  8 | f
  9 | f
 10 | f
(10 rows)

